java-android/app/build/outputs/logs/manifest-merger-debug-report.txt
-- Merging decision tree log ---
manifest
ADDED from src\main\AndroidManifest.xml:2:1-46:12
	package
		ADDED from src\main\AndroidManifest.xml:3:5-52
		INJECTED from src\main\AndroidManifest.xml
		INJECTED from src\main\AndroidManifest.xml
	android:versionName
		ADDED from src\main\AndroidManifest.xml:5:5-30
		INJECTED from src\main\AndroidManifest.xml
		INJECTED from src\main\AndroidManifest.xml
	android:versionCode
		ADDED from src\main\AndroidManifest.xml:4:5-28
		INJECTED from src\main\AndroidManifest.xml
		INJECTED from src\main\AndroidManifest.xml
	xmlns:android
		ADDED from src\main\AndroidManifest.xml:2:11-69
uses-sdk
ADDED from src\main\AndroidManifest.xml:7:5-9:41
	android:targetSdkVersion
		ADDED from src\main\AndroidManifest.xml:9:9-38
		INJECTED from src\main\AndroidManifest.xml
		INJECTED from src\main\AndroidManifest.xml
	android:minSdkVersion
		ADDED from src\main\AndroidManifest.xml:8:9-35
		INJECTED from src\main\AndroidManifest.xml
		INJECTED from src\main\AndroidManifest.xml
uses-permission#android.permission.BLUETOOTH
ADDED from src\main\AndroidManifest.xml:10:5-67
	android:name
		ADDED from src\main\AndroidManifest.xml:10:22-65
uses-permission#android.permission.BLUETOOTH_ADMIN
ADDED from src\main\AndroidManifest.xml:11:5-73
	android:name
		ADDED from src\main\AndroidManifest.xml:11:22-71
uses-permission#android.permission.WAKE_LOCK
ADDED from src\main\AndroidManifest.xml:12:5-67
	android:name
		ADDED from src\main\AndroidManifest.xml:12:22-65
application
ADDED from src\main\AndroidManifest.xml:14:5-44:19
	android:label
		ADDED from src\main\AndroidManifest.xml:17:9-41
	android:allowBackup
		ADDED from src\main\AndroidManifest.xml:15:9-35
	android:icon
		ADDED from src\main\AndroidManifest.xml:16:9-45
	android:description
		ADDED from src\main\AndroidManifest.xml:18:41-86
	android:theme
		ADDED from src\main\AndroidManifest.xml:18:9-40
activity#com.trentseed.bmw_rpi_ibus_controller.ActivityMain
ADDED from src\main\AndroidManifest.xml:19:9-35:20
	android:screenOrientation
		ADDED from src\main\AndroidManifest.xml:21:46-83
	android:label
		ADDED from src\main\AndroidManifest.xml:21:13-45
	android:theme
		ADDED from src\main\AndroidManifest.xml:22:13-59
	android:name
		ADDED from src\main\AndroidManifest.xml:20:13-78
intent-filter#android.intent.action.MAIN+android.intent.category.LAUNCHER
ADDED from src\main\AndroidManifest.xml:23:13-27:29
action#android.intent.action.MAIN
ADDED from src\main\AndroidManifest.xml:24:17-69
	android:name
		ADDED from src\main\AndroidManifest.xml:24:25-66
category#android.intent.category.LAUNCHER
ADDED from src\main\AndroidManifest.xml:26:17-77
	android:name
		ADDED from src\main\AndroidManifest.xml:26:27-74
intent-filter#android.hardware.usb.action.USB_ACCESSORY_ATTACHED
ADDED from src\main\AndroidManifest.xml:28:13-30:29
action#android.hardware.usb.action.USB_ACCESSORY_ATTACHED
ADDED from src\main\AndroidManifest.xml:29:17-93
	android:name
		ADDED from src\main\AndroidManifest.xml:29:25-90
meta-data#android.hardware.usb.action.USB_ACCESSORY_ATTACHED
ADDED from src\main\AndroidManifest.xml:32:13-34:60
	android:resource
		ADDED from src\main\AndroidManifest.xml:34:17-57
	android:name
		ADDED from src\main\AndroidManifest.xml:33:17-82
activity#com.trentseed.bmw_rpi_ibus_controller.ActivityIBUS
ADDED from src\main\AndroidManifest.xml:36:9-37:71
	android:screenOrientation
		ADDED from src\main\AndroidManifest.xml:36:48-85
	android:theme
		ADDED from src\main\AndroidManifest.xml:37:13-59
	android:name
		ADDED from src\main\AndroidManifest.xml:36:19-47
activity#com.trentseed.bmw_rpi_ibus_controller.ActivityRadio
ADDED from src\main\AndroidManifest.xml:38:9-39:71
	android:screenOrientation
		ADDED from src\main\AndroidManifest.xml:38:49-86
	android:theme
		ADDED from src\main\AndroidManifest.xml:39:13-59
	android:name
		ADDED from src\main\AndroidManifest.xml:38:19-48
activity#com.trentseed.bmw_rpi_ibus_controller.ActivityStatus
ADDED from src\main\AndroidManifest.xml:40:9-41:71
	android:screenOrientation
		ADDED from src\main\AndroidManifest.xml:40:50-87
	android:theme
		ADDED from src\main\AndroidManifest.xml:41:13-59
	android:name
		ADDED from src\main\AndroidManifest.xml:40:19-49
activity#com.trentseed.bmw_rpi_ibus_controller.ActivityWindows
ADDED from src\main\AndroidManifest.xml:42:9-43:71
	android:screenOrientation
		ADDED from src\main\AndroidManifest.xml:42:51-88
	android:theme
		ADDED from src\main\AndroidManifest.xml:43:13-59
	android:name
		ADDED from src\main\AndroidManifest.xml:42:19-50